<?xml version="1.0" encoding="UTF-8"?>
<!-- Generated by org.testng.reporters.JUnitReportReporter -->
<testsuite hostname="lwo1-lhp-f35173" name="com.gl.nymgo.test.NymgoTest" tests="1" failures="0" timestamp="3 Feb 2016 09:49:57 GMT" time="48.132" errors="0">
  <testcase name="testLoginPage" time="48.132" classname="com.gl.nymgo.test.NymgoTest"/>
</testsuite> <!-- com.gl.nymgo.test.NymgoTest -->
